<?xml version="1.0" encoding="UTF-8"?>
<testng-results skipped="0" failed="0" total="1" passed="1">
  <reporter-output>
  </reporter-output>
  <suite name="Surefire suite" duration-ms="30" started-at="2019-02-05T12:11:26Z" finished-at="2019-02-05T12:11:26Z">
    <groups>
    </groups>
    <test name="Surefire test" duration-ms="30" started-at="2019-02-05T12:11:26Z" finished-at="2019-02-05T12:11:26Z">
      <class name="testngpackage.AppTest">
        <test-method status="PASS" signature="shouldAnswerWithTrue()[pri:0, instance:shouldAnswerWithTrue(testngpackage.AppTest)]" name="shouldAnswerWithTrue" duration-ms="1" started-at="2019-02-05T17:41:26Z" finished-at="2019-02-05T17:41:26Z">
          <reporter-output>
          </reporter-output>
        </test-method> <!-- shouldAnswerWithTrue -->
      </class> <!-- testngpackage.AppTest -->
    </test> <!-- Surefire test -->
  </suite> <!-- Surefire suite -->
</testng-results>
