<?xml version="1.0" encoding="UTF-8"?>
<testng-results skipped="0" failed="0" total="1" passed="1">
  <reporter-output>
  </reporter-output>
  <suite name="Surefire suite" duration-ms="20" started-at="2019-02-05T11:58:36Z" finished-at="2019-02-05T11:58:36Z">
    <groups>
    </groups>
    <test name="Surefire test" duration-ms="20" started-at="2019-02-05T11:58:36Z" finished-at="2019-02-05T11:58:36Z">
      <class name="testngpackage.TestngArrayList">
        <test-method status="PASS" signature="testngArrayList()[pri:0, instance:testngpackage.TestngArrayList@4c203ea1]" name="testngArrayList" duration-ms="9" started-at="2019-02-05T17:28:36Z" finished-at="2019-02-05T17:28:36Z">
          <reporter-output>
          </reporter-output>
        </test-method> <!-- testngArrayList -->
      </class> <!-- testngpackage.TestngArrayList -->
    </test> <!-- Surefire test -->
  </suite> <!-- Surefire suite -->
</testng-results>
